
Number of words processed: 31
100 most common words found and their frequencies:
                      i - 3
                   love - 3
                   also - 2
                  apple - 2
                     is - 2
                  juice - 2
                      a - 1
                     an - 1
                 apples - 1
                     as - 1
                   away - 1
                    day - 1
                 doctor - 1
                  fresh - 1
                   good - 1
                  great - 1
                  keeps - 1
                 orange - 1
                oranges - 1
                peaches - 1
                    say - 1
                    the - 1
                   they - 1
